Determining if the pthread_create exist failed with the following output:
Change Dir: /home/ruijia/drone_ws/build/CMakeFiles/CMakeTmp

Run Build Command:/usr/bin/make "cmTryCompileExec2125245219/fast"
/usr/bin/make -f CMakeFiles/cmTryCompileExec2125245219.dir/build.make CMakeFiles/cmTryCompileExec2125245219.dir/build
make[1]: Entering directory `/home/ruijia/drone_ws/build/CMakeFiles/CMakeTmp'
/usr/bin/cmake -E cmake_progress_report /home/ruijia/drone_ws/build/CMakeFiles/CMakeTmp/CMakeFiles 1
Building C object CMakeFiles/cmTryCompileExec2125245219.dir/CheckSymbolExists.c.o
/usr/bin/cc    -o CMakeFiles/cmTryCompileExec2125245219.dir/CheckSymbolExists.c.o   -c /home/ruijia/drone_ws/build/CMakeFiles/CMakeTmp/CheckSymbolExists.c
Linking C executable cmTryCompileExec2125245219
/usr/bin/cmake -E cmake_link_script CMakeFiles/cmTryCompileExec2125245219.dir/link.txt --verbose=1
/usr/bin/cc       CMakeFiles/cmTryCompileExec2125245219.dir/CheckSymbolExists.c.o  -o cmTryCompileExec2125245219 -rdynamic 
CMakeFiles/cmTryCompileExec2125245219.dir/CheckSymbolExists.c.o: In function `main':
CheckSymbolExists.c:(.text+0x16): undefined reference to `pthread_create'
collect2: error: ld returned 1 exit status
make[1]: *** [cmTryCompileExec2125245219] Error 1
make[1]: Leaving directory `/home/ruijia/drone_ws/build/CMakeFiles/CMakeTmp'
make: *** [cmTryCompileExec2125245219/fast] Error 2

File /home/ruijia/drone_ws/build/CMakeFiles/CMakeTmp/CheckSymbolExists.c:
/* */
#include <pthread.h>

int main(int argc, char** argv)
{
  (void)argv;
#ifndef pthread_create
  return ((int*)(&pthread_create))[argc];
#else
  (void)argc;
  return 0;
#endif
}

Determining if the function pthread_create exists in the pthreads failed with the following output:
Change Dir: /home/ruijia/drone_ws/build/CMakeFiles/CMakeTmp

Run Build Command:/usr/bin/make "cmTryCompileExec2386275792/fast"
/usr/bin/make -f CMakeFiles/cmTryCompileExec2386275792.dir/build.make CMakeFiles/cmTryCompileExec2386275792.dir/build
make[1]: Entering directory `/home/ruijia/drone_ws/build/CMakeFiles/CMakeTmp'
/usr/bin/cmake -E cmake_progress_report /home/ruijia/drone_ws/build/CMakeFiles/CMakeTmp/CMakeFiles 1
Building C object CMakeFiles/cmTryCompileExec2386275792.dir/CheckFunctionExists.c.o
/usr/bin/cc   -DCHECK_FUNCTION_EXISTS=pthread_create   -o CMakeFiles/cmTryCompileExec2386275792.dir/CheckFunctionExists.c.o   -c /usr/share/cmake-2.8/Modules/CheckFunctionExists.c
Linking C executable cmTryCompileExec2386275792
/usr/bin/cmake -E cmake_link_script CMakeFiles/cmTryCompileExec2386275792.dir/link.txt --verbose=1
/usr/bin/cc   -DCHECK_FUNCTION_EXISTS=pthread_create    CMakeFiles/cmTryCompileExec2386275792.dir/CheckFunctionExists.c.o  -o cmTryCompileExec2386275792 -rdynamic -lpthreads 
/usr/bin/ld: cannot find -lpthreads
collect2: error: ld returned 1 exit status
make[1]: *** [cmTryCompileExec2386275792] Error 1
make[1]: Leaving directory `/home/ruijia/drone_ws/build/CMakeFiles/CMakeTmp'
make: *** [cmTryCompileExec2386275792/fast] Error 2


Determining if the Q_WS_WIN exist failed with the following output:
Change Dir: /home/ruijia/drone_ws/build/CMakeFiles/CMakeTmp

Run Build Command:/usr/bin/make "cmTryCompileExec1220117929/fast"
/usr/bin/make -f CMakeFiles/cmTryCompileExec1220117929.dir/build.make CMakeFiles/cmTryCompileExec1220117929.dir/build
make[1]: Entering directory `/home/ruijia/drone_ws/build/CMakeFiles/CMakeTmp'
/usr/bin/cmake -E cmake_progress_report /home/ruijia/drone_ws/build/CMakeFiles/CMakeTmp/CMakeFiles 1
Building CXX object CMakeFiles/cmTryCompileExec1220117929.dir/CheckSymbolExists.cxx.o
/usr/bin/c++    -I/usr/include/qt4    -o CMakeFiles/cmTryCompileExec1220117929.dir/CheckSymbolExists.cxx.o -c /home/ruijia/drone_ws/build/CMakeFiles/CMakeTmp/CheckSymbolExists.cxx
/home/ruijia/drone_ws/build/CMakeFiles/CMakeTmp/CheckSymbolExists.cxx: In function ‘int main(int, char**)’:
/home/ruijia/drone_ws/build/CMakeFiles/CMakeTmp/CheckSymbolExists.cxx:8:19: error: ‘Q_WS_WIN’ was not declared in this scope
   return ((int*)(&Q_WS_WIN))[argc];
                   ^
make[1]: *** [CMakeFiles/cmTryCompileExec1220117929.dir/CheckSymbolExists.cxx.o] Error 1
make[1]: Leaving directory `/home/ruijia/drone_ws/build/CMakeFiles/CMakeTmp'
make: *** [cmTryCompileExec1220117929/fast] Error 2

File /home/ruijia/drone_ws/build/CMakeFiles/CMakeTmp/CheckSymbolExists.cxx:
/* */
#include <QtCore/qglobal.h>

int main(int argc, char** argv)
{
  (void)argv;
#ifndef Q_WS_WIN
  return ((int*)(&Q_WS_WIN))[argc];
#else
  (void)argc;
  return 0;
#endif
}

Determining if the Q_WS_QWS exist failed with the following output:
Change Dir: /home/ruijia/drone_ws/build/CMakeFiles/CMakeTmp

Run Build Command:/usr/bin/make "cmTryCompileExec1880694067/fast"
/usr/bin/make -f CMakeFiles/cmTryCompileExec1880694067.dir/build.make CMakeFiles/cmTryCompileExec1880694067.dir/build
make[1]: Entering directory `/home/ruijia/drone_ws/build/CMakeFiles/CMakeTmp'
/usr/bin/cmake -E cmake_progress_report /home/ruijia/drone_ws/build/CMakeFiles/CMakeTmp/CMakeFiles 1
Building CXX object CMakeFiles/cmTryCompileExec1880694067.dir/CheckSymbolExists.cxx.o
/usr/bin/c++    -I/usr/include/qt4    -o CMakeFiles/cmTryCompileExec1880694067.dir/CheckSymbolExists.cxx.o -c /home/ruijia/drone_ws/build/CMakeFiles/CMakeTmp/CheckSymbolExists.cxx
/home/ruijia/drone_ws/build/CMakeFiles/CMakeTmp/CheckSymbolExists.cxx: In function ‘int main(int, char**)’:
/home/ruijia/drone_ws/build/CMakeFiles/CMakeTmp/CheckSymbolExists.cxx:8:19: error: ‘Q_WS_QWS’ was not declared in this scope
   return ((int*)(&Q_WS_QWS))[argc];
                   ^
make[1]: *** [CMakeFiles/cmTryCompileExec1880694067.dir/CheckSymbolExists.cxx.o] Error 1
make[1]: Leaving directory `/home/ruijia/drone_ws/build/CMakeFiles/CMakeTmp'
make: *** [cmTryCompileExec1880694067/fast] Error 2

File /home/ruijia/drone_ws/build/CMakeFiles/CMakeTmp/CheckSymbolExists.cxx:
/* */
#include <QtCore/qglobal.h>

int main(int argc, char** argv)
{
  (void)argv;
#ifndef Q_WS_QWS
  return ((int*)(&Q_WS_QWS))[argc];
#else
  (void)argc;
  return 0;
#endif
}

Determining if the Q_WS_MAC exist failed with the following output:
Change Dir: /home/ruijia/drone_ws/build/CMakeFiles/CMakeTmp

Run Build Command:/usr/bin/make "cmTryCompileExec3343997521/fast"
/usr/bin/make -f CMakeFiles/cmTryCompileExec3343997521.dir/build.make CMakeFiles/cmTryCompileExec3343997521.dir/build
make[1]: Entering directory `/home/ruijia/drone_ws/build/CMakeFiles/CMakeTmp'
/usr/bin/cmake -E cmake_progress_report /home/ruijia/drone_ws/build/CMakeFiles/CMakeTmp/CMakeFiles 1
Building CXX object CMakeFiles/cmTryCompileExec3343997521.dir/CheckSymbolExists.cxx.o
/usr/bin/c++    -I/usr/include/qt4    -o CMakeFiles/cmTryCompileExec3343997521.dir/CheckSymbolExists.cxx.o -c /home/ruijia/drone_ws/build/CMakeFiles/CMakeTmp/CheckSymbolExists.cxx
/home/ruijia/drone_ws/build/CMakeFiles/CMakeTmp/CheckSymbolExists.cxx: In function ‘int main(int, char**)’:
/home/ruijia/drone_ws/build/CMakeFiles/CMakeTmp/CheckSymbolExists.cxx:8:19: error: ‘Q_WS_MAC’ was not declared in this scope
   return ((int*)(&Q_WS_MAC))[argc];
                   ^
make[1]: *** [CMakeFiles/cmTryCompileExec3343997521.dir/CheckSymbolExists.cxx.o] Error 1
make[1]: Leaving directory `/home/ruijia/drone_ws/build/CMakeFiles/CMakeTmp'
make: *** [cmTryCompileExec3343997521/fast] Error 2

File /home/ruijia/drone_ws/build/CMakeFiles/CMakeTmp/CheckSymbolExists.cxx:
/* */
#include <QtCore/qglobal.h>

int main(int argc, char** argv)
{
  (void)argv;
#ifndef Q_WS_MAC
  return ((int*)(&Q_WS_MAC))[argc];
#else
  (void)argc;
  return 0;
#endif
}

